d:\workspace\project\project-4-ctdl\project04\project04\x64\debug\vc143.pdb
d:\workspace\project\project-4-ctdl\project04\project04\x64\debug\vc143.idb
d:\workspace\project\project-4-ctdl\project04\project04\x64\debug\source.obj
d:\workspace\project\project-4-ctdl\project04\project04\x64\debug\hanghoa.obj
d:\workspace\project\project-4-ctdl\project04\project04\x64\debug\donhang.obj
d:\workspace\project\project-4-ctdl\project04\project04\x64\debug\display.obj
d:\workspace\project\project-4-ctdl\project04\project04\x64\debug\danhsachdonhang.obj
d:\workspace\project\project-4-ctdl\project04\project04\x64\debug\admin.obj
d:\workspace\project\project-4-ctdl\project04\project04\x64\debug\nativecodeanalysis.read.1.tlog
d:\workspace\project\project-4-ctdl\project04\project04\x64\debug\source.nativecodeanalysis.xml
d:\workspace\project\project-4-ctdl\project04\project04\x64\debug\vc.nativecodeanalysis.all.xml
d:\workspace\project\project-4-ctdl\project04\x64\debug\project04.pdb
d:\workspace\project\project-4-ctdl\project04\project04\x64\debug\project04.tlog\cl.command.1.tlog
d:\workspace\project\project-4-ctdl\project04\project04\x64\debug\project04.tlog\cl.read.1.tlog
d:\workspace\project\project-4-ctdl\project04\project04\x64\debug\project04.tlog\cl.write.1.tlog
d:\workspace\project\project-4-ctdl\project04\project04\x64\debug\project04.tlog\link-cvtres.read.1.tlog
d:\workspace\project\project-4-ctdl\project04\project04\x64\debug\project04.tlog\link-cvtres.write.1.tlog
d:\workspace\project\project-4-ctdl\project04\project04\x64\debug\project04.tlog\link-rc.read.1.tlog
d:\workspace\project\project-4-ctdl\project04\project04\x64\debug\project04.tlog\link-rc.write.1.tlog
d:\workspace\project\project-4-ctdl\project04\project04\x64\debug\project04.tlog\link.command.1.tlog
d:\workspace\project\project-4-ctdl\project04\project04\x64\debug\project04.tlog\link.read.1.tlog
d:\workspace\project\project-4-ctdl\project04\project04\x64\debug\project04.tlog\link.read.2.tlog
d:\workspace\project\project-4-ctdl\project04\project04\x64\debug\project04.tlog\link.write.1.tlog
